
[2016-08-20 20:20:07,252]       INFO: Starting application
[2016-08-20 20:24:33,659]      DEBUG: Starting application
[2016-08-20 20:34:44,906]       INFO: Starting application
[2016-08-20 20:57:39,645]       INFO: Starting application
[2016-08-20 20:58:05,114]       INFO: Starting application
[2016-08-20 20:58:22,887]       INFO: Starting application
[2016-08-20 21:51:51,727]       INFO: Starting application
[2016-08-20 21:51:53,853]       INFO: Getting sudo pass
[2016-08-20 21:52:05,839]       INFO: Starting application
[2016-08-20 21:52:06,661]       INFO: Getting sudo pass
[2016-08-20 22:06:42,615]       INFO: Starting application
[2016-08-20 22:06:43,437]       INFO: Checking if user is sudo
[2016-08-20 22:06:43,438]      ERROR: USER: {}. Is not sudo.
[2016-08-20 22:08:30,229]       INFO: Starting application
[2016-08-20 22:08:31,061]       INFO: Checking if user is sudo
[2016-08-20 22:08:31,061]      ERROR: USER: {}. Is not sudo.
[2016-08-20 22:08:31,062]       INFO: Checking if user is sudo
[2016-08-20 22:10:01,531]       INFO: Starting application
[2016-08-20 22:10:02,372]       INFO: Checking if user is sudo
[2016-08-20 22:10:02,373]      ERROR: USER: ale. Is not sudo.
[2016-08-20 22:12:59,539]       INFO: Starting application...
[2016-08-20 22:13:00,478]       INFO: Checking if user is sudo
[2016-08-20 22:13:00,479]      ERROR: USER: "ale" is not sudo.
[2016-08-20 22:13:00,479]       INFO: Closing application...
[2016-08-20 22:13:10,789]       INFO: Starting application...
[2016-08-20 22:13:26,175]       INFO: Checking if user is sudo
[2016-08-20 22:13:26,176]       INFO: User is sudo.
[2016-08-21 00:15:06,637]       INFO: Starting application...
[2016-08-21 00:15:10,125]       INFO: Checking if user is sudo
[2016-08-21 00:15:10,126]       INFO: User is sudo.
[2016-08-21 00:15:10,126]      DEBUG: virtualbox
[2016-08-21 00:15:12,282]       INFO: Closing application...
